[0.031s] Invoking command in '/home/shi/ENSTA/ROB314/test_ws/build/pc_sub': CMAKE_PREFIX_PATH=${CMAKE_PREFIX_PATH}:/opt/ros/humble CONDA_PROMPT_MODIFIER=(stereo_thermal) /usr/bin/cmake --build /home/shi/ENSTA/ROB314/test_ws/build/pc_sub -- -j20 -l20
[0.063s] [35m[1mConsolidate compiler generated dependencies of target pc_sub[0m
[0.080s] [ 50%] [32mBuilding CXX object CMakeFiles/pc_sub.dir/src/pc_sub.cpp.o[0m
[2.891s] [01m[K/home/shi/ENSTA/ROB314/test_ws/src/pc_sub/src/pc_sub.cpp:[m[K In function â€˜[01m[Kuint32_t temp_to_rgb(float)[m[Kâ€™:
[2.891s] [01m[K/home/shi/ENSTA/ROB314/test_ws/src/pc_sub/src/pc_sub.cpp:58:41:[m[K [01;31m[Kerror: [m[Kno matching function for call to â€˜[01m[Kmax(double, float)[m[Kâ€™
[2.891s]    58 |     uint8_t r = std::min(255.0, [01;31m[Kstd::max(0.0, (temp - 10) * 12)[m[K);
[2.891s]       |                                 [01;31m[K~~~~~~~~^~~~~~~~~~~~~~~~~~~~~~~[m[K
[2.891s] In file included from [01m[K/usr/include/c++/11/memory:63[m[K,
[2.891s]                  from [01m[K/home/shi/ENSTA/ROB314/test_ws/src/pc_sub/src/pc_sub.cpp:1[m[K:
[2.891s] [01m[K/usr/include/c++/11/bits/stl_algobase.h:254:5:[m[K [01;36m[Knote: [m[Kcandidate: â€˜[01m[Ktemplate<class _Tp> constexpr const _Tp& std::max(const _Tp&, const _Tp&)[m[Kâ€™
[2.892s]   254 |     [01;36m[Kmax[m[K(const _Tp& __a, const _Tp& __b)
[2.892s]       |     [01;36m[K^~~[m[K
[2.892s] [01m[K/usr/include/c++/11/bits/stl_algobase.h:254:5:[m[K [01;36m[Knote: [m[K  template argument deduction/substitution failed:
[2.892s] [01m[K/home/shi/ENSTA/ROB314/test_ws/src/pc_sub/src/pc_sub.cpp:58:41:[m[K [01;36m[Knote: [m[K  deduced conflicting types for parameter â€˜[01m[Kconst _Tp[m[Kâ€™ (â€˜[01m[Kdouble[m[Kâ€™ and â€˜[01m[Kfloat[m[Kâ€™)
[2.892s]    58 |     uint8_t r = std::min(255.0, [01;36m[Kstd::max(0.0, (temp - 10) * 12)[m[K);
[2.892s]       |                                 [01;36m[K~~~~~~~~^~~~~~~~~~~~~~~~~~~~~~~[m[K
[2.892s] In file included from [01m[K/usr/include/c++/11/memory:63[m[K,
[2.892s]                  from [01m[K/home/shi/ENSTA/ROB314/test_ws/src/pc_sub/src/pc_sub.cpp:1[m[K:
[2.892s] [01m[K/usr/include/c++/11/bits/stl_algobase.h:300:5:[m[K [01;36m[Knote: [m[Kcandidate: â€˜[01m[Ktemplate<class _Tp, class _Compare> constexpr const _Tp& std::max(const _Tp&, const _Tp&, _Compare)[m[Kâ€™
[2.892s]   300 |     [01;36m[Kmax[m[K(const _Tp& __a, const _Tp& __b, _Compare __comp)
[2.892s]       |     [01;36m[K^~~[m[K
[2.892s] [01m[K/usr/include/c++/11/bits/stl_algobase.h:300:5:[m[K [01;36m[Knote: [m[K  template argument deduction/substitution failed:
[2.892s] [01m[K/home/shi/ENSTA/ROB314/test_ws/src/pc_sub/src/pc_sub.cpp:58:41:[m[K [01;36m[Knote: [m[K  deduced conflicting types for parameter â€˜[01m[Kconst _Tp[m[Kâ€™ (â€˜[01m[Kdouble[m[Kâ€™ and â€˜[01m[Kfloat[m[Kâ€™)
[2.892s]    58 |     uint8_t r = std::min(255.0, [01;36m[Kstd::max(0.0, (temp - 10) * 12)[m[K);
[2.892s]       |                                 [01;36m[K~~~~~~~~^~~~~~~~~~~~~~~~~~~~~~~[m[K
[2.892s] In file included from [01m[K/usr/include/c++/11/algorithm:62[m[K,
[2.892s]                  from [01m[K/opt/ros/humble/include/rclcpp/rclcpp/executor.hpp:18[m[K,
[2.892s]                  from [01m[K/opt/ros/humble/include/rclcpp/rclcpp/executors/multi_threaded_executor.hpp:25[m[K,
[2.892s]                  from [01m[K/opt/ros/humble/include/rclcpp/rclcpp/executors.hpp:21[m[K,
[2.892s]                  from [01m[K/opt/ros/humble/include/rclcpp/rclcpp/rclcpp.hpp:155[m[K,
[2.892s]                  from [01m[K/home/shi/ENSTA/ROB314/test_ws/src/pc_sub/src/pc_sub.cpp:2[m[K:
[2.892s] [01m[K/usr/include/c++/11/bits/stl_algo.h:3461:5:[m[K [01;36m[Knote: [m[Kcandidate: â€˜[01m[Ktemplate<class _Tp> constexpr _Tp std::max(std::initializer_list<_Tp>)[m[Kâ€™
[2.892s]  3461 |     [01;36m[Kmax[m[K(initializer_list<_Tp> __l)
[2.892s]       |     [01;36m[K^~~[m[K
[2.892s] [01m[K/usr/include/c++/11/bits/stl_algo.h:3461:5:[m[K [01;36m[Knote: [m[K  template argument deduction/substitution failed:
[2.892s] [01m[K/home/shi/ENSTA/ROB314/test_ws/src/pc_sub/src/pc_sub.cpp:58:41:[m[K [01;36m[Knote: [m[K  mismatched types â€˜[01m[Kstd::initializer_list<_Tp>[m[Kâ€™ and â€˜[01m[Kdouble[m[Kâ€™
[2.892s]    58 |     uint8_t r = std::min(255.0, [01;36m[Kstd::max(0.0, (temp - 10) * 12)[m[K);
[2.892s]       |                                 [01;36m[K~~~~~~~~^~~~~~~~~~~~~~~~~~~~~~~[m[K
[2.892s] In file included from [01m[K/usr/include/c++/11/algorithm:62[m[K,
[2.892s]                  from [01m[K/opt/ros/humble/include/rclcpp/rclcpp/executor.hpp:18[m[K,
[2.892s]                  from [01m[K/opt/ros/humble/include/rclcpp/rclcpp/executors/multi_threaded_executor.hpp:25[m[K,
[2.892s]                  from [01m[K/opt/ros/humble/include/rclcpp/rclcpp/executors.hpp:21[m[K,
[2.892s]                  from [01m[K/opt/ros/humble/include/rclcpp/rclcpp/rclcpp.hpp:155[m[K,
[2.892s]                  from [01m[K/home/shi/ENSTA/ROB314/test_ws/src/pc_sub/src/pc_sub.cpp:2[m[K:
[2.892s] [01m[K/usr/include/c++/11/bits/stl_algo.h:3467:5:[m[K [01;36m[Knote: [m[Kcandidate: â€˜[01m[Ktemplate<class _Tp, class _Compare> constexpr _Tp std::max(std::initializer_list<_Tp>, _Compare)[m[Kâ€™
[2.893s]  3467 |     [01;36m[Kmax[m[K(initializer_list<_Tp> __l, _Compare __comp)
[2.893s]       |     [01;36m[K^~~[m[K
[2.893s] [01m[K/usr/include/c++/11/bits/stl_algo.h:3467:5:[m[K [01;36m[Knote: [m[K  template argument deduction/substitution failed:
[2.893s] [01m[K/home/shi/ENSTA/ROB314/test_ws/src/pc_sub/src/pc_sub.cpp:58:41:[m[K [01;36m[Knote: [m[K  mismatched types â€˜[01m[Kstd::initializer_list<_Tp>[m[Kâ€™ and â€˜[01m[Kdouble[m[Kâ€™
[2.893s]    58 |     uint8_t r = std::min(255.0, [01;36m[Kstd::max(0.0, (temp - 10) * 12)[m[K);
[2.893s]       |                                 [01;36m[K~~~~~~~~^~~~~~~~~~~~~~~~~~~~~~~[m[K
[4.637s] gmake[2]: *** [CMakeFiles/pc_sub.dir/build.make:76: CMakeFiles/pc_sub.dir/src/pc_sub.cpp.o] Error 1
[4.637s] gmake[1]: *** [CMakeFiles/Makefile2:137: CMakeFiles/pc_sub.dir/all] Error 2
[4.637s] gmake: *** [Makefile:146: all] Error 2
[4.639s] Invoked command in '/home/shi/ENSTA/ROB314/test_ws/build/pc_sub' returned '2': CMAKE_PREFIX_PATH=${CMAKE_PREFIX_PATH}:/opt/ros/humble CONDA_PROMPT_MODIFIER=(stereo_thermal) /usr/bin/cmake --build /home/shi/ENSTA/ROB314/test_ws/build/pc_sub -- -j20 -l20
