[35m[1mConsolidate compiler generated dependencies of target pc_sub[0m
[ 50%] [32mBuilding CXX object CMakeFiles/pc_sub.dir/src/pc_sub.cpp.o[0m
[01m[K/home/shi/ENSTA/ROB314/test_ws/src/pc_sub/src/pc_sub.cpp:[m[K In function â€˜[01m[Kvoid processPointCloud(const PointCloud2&)[m[Kâ€™:
[01m[K/home/shi/ENSTA/ROB314/test_ws/src/pc_sub/src/pc_sub.cpp:25:17:[m[K [01;31m[Kerror: [m[Kâ€˜[01m[Kpiont[m[Kâ€™ was not declared in this scope; did you mean â€˜[01m[Kpoint[m[Kâ€™?
   25 |             if ([01;31m[Kpiont[m[K.x != nan && point.y != nan && point.z != nan)
      |                 [01;31m[K^~~~~[m[K
      |                 [32m[Kpoint[m[K
[01m[K/home/shi/ENSTA/ROB314/test_ws/src/pc_sub/src/pc_sub.cpp:25:43:[m[K [01;31m[Kerror: [m[Kinvalid operands of types â€˜[01m[Kconst float[m[Kâ€™ and â€˜[01m[Kdouble(const char*) noexcept[m[Kâ€™ to binary â€˜[01m[Koperator!=[m[Kâ€™
   25 |             if (piont.x != nan && [32m[Kpoint.y[m[K [01;31m[K!=[m[K [34m[Knan[m[K && point.z != nan)
      |                                   [32m[K~~~~~~~[m[K [01;31m[K^~[m[K [34m[K~~~[m[K
      |                                         [32m[K|[m[K    [34m[K|[m[K
      |                                         [32m[K|[m[K    [34m[Kdouble(const char*) noexcept[m[K
      |                                         [32m[Kconst float[m[K
[01m[K/home/shi/ENSTA/ROB314/test_ws/src/pc_sub/src/pc_sub.cpp:25:61:[m[K [01;31m[Kerror: [m[Kinvalid operands of types â€˜[01m[Kconst float[m[Kâ€™ and â€˜[01m[Kdouble(const char*) noexcept[m[Kâ€™ to binary â€˜[01m[Koperator!=[m[Kâ€™
   25 |             if (piont.x != nan && point.y != nan && [32m[Kpoint.z[m[K [01;31m[K!=[m[K [34m[Knan[m[K)
      |                                                     [32m[K~~~~~~~[m[K [01;31m[K^~[m[K [34m[K~~~[m[K
      |                                                           [32m[K|[m[K    [34m[K|[m[K
      |                                                           [32m[K|[m[K    [34m[Kdouble(const char*) noexcept[m[K
      |                                                           [32m[Kconst float[m[K
gmake[2]: *** [CMakeFiles/pc_sub.dir/build.make:76: CMakeFiles/pc_sub.dir/src/pc_sub.cpp.o] Error 1
gmake[1]: *** [CMakeFiles/Makefile2:137: CMakeFiles/pc_sub.dir/all] Error 2
gmake: *** [Makefile:146: all] Error 2
