[0.030s] Invoking command in '/home/shi/ENSTA/ROB314/test_ws/build/pc_sub': CMAKE_PREFIX_PATH=${CMAKE_PREFIX_PATH}:/opt/ros/humble CONDA_PROMPT_MODIFIER=(stereo_thermal) /usr/bin/cmake --build /home/shi/ENSTA/ROB314/test_ws/build/pc_sub -- -j20 -l20
[0.070s] [35m[1mConsolidate compiler generated dependencies of target pc_sub[0m
[0.094s] [ 50%] [32mBuilding CXX object CMakeFiles/pc_sub.dir/src/pc_sub.cpp.o[0m
[2.914s] [01m[K/home/shi/ENSTA/ROB314/test_ws/src/pc_sub/src/pc_sub.cpp:18:17:[m[K [01;31m[Kerror: [m[Kâ€˜[01m[KPointXYZ[m[Kâ€™ was not declared in this scope; did you mean â€˜[01m[Kpcl::PointXYZ[m[Kâ€™?
[2.914s]    18 | pcl::PointCloud<[01;31m[KPointXYZ[m[K> processPointCloud(const sensor_msgs::msg::PointCloud2& input)
[2.914s]       |                 [01;31m[K^~~~~~~~[m[K
[2.914s]       |                 [32m[Kpcl::PointXYZ[m[K
[2.914s] In file included from [01m[K/usr/include/pcl-1.12/pcl/point_types.h:354[m[K,
[2.914s]                  from [01m[K/usr/include/pcl-1.12/pcl/common/impl/copy_point.hpp:40[m[K,
[2.915s]                  from [01m[K/usr/include/pcl-1.12/pcl/common/copy_point.h:58[m[K,
[2.915s]                  from [01m[K/usr/include/pcl-1.12/pcl/common/impl/io.hpp:45[m[K,
[2.915s]                  from [01m[K/usr/include/pcl-1.12/pcl/common/io.h:538[m[K,
[2.915s]                  from [01m[K/usr/include/pcl-1.12/pcl/io/impl/pcd_io.hpp:48[m[K,
[2.915s]                  from [01m[K/usr/include/pcl-1.12/pcl/io/pcd_io.h:789[m[K,
[2.915s]                  from [01m[K/opt/ros/humble/include/pcl_conversions/pcl_conversions.h:72[m[K,
[2.915s]                  from [01m[K/home/shi/ENSTA/ROB314/test_ws/src/pc_sub/src/pc_sub.cpp:5[m[K:
[2.915s] [01m[K/usr/include/pcl-1.12/pcl/impl/point_types.hpp:346:24:[m[K [01;36m[Knote: [m[Kâ€˜[01m[Kpcl::PointXYZ[m[Kâ€™ declared here
[2.915s]   346 |   struct EIGEN_ALIGN16 [01;36m[KPointXYZ[m[K : public _PointXYZ
[2.915s]       |                        [01;36m[K^~~~~~~~[m[K
[2.915s] [01m[K/home/shi/ENSTA/ROB314/test_ws/src/pc_sub/src/pc_sub.cpp:18:25:[m[K [01;31m[Kerror: [m[Ktemplate argument 1 is invalid
[2.915s]    18 | pcl::PointCloud<PointXYZ[01;31m[K>[m[K processPointCloud(const sensor_msgs::msg::PointCloud2& input)
[2.915s]       |                         [01;31m[K^[m[K
[2.915s] [01m[K/home/shi/ENSTA/ROB314/test_ws/src/pc_sub/src/pc_sub.cpp:[m[K In function â€˜[01m[Kint processPointCloud(const PointCloud2&)[m[Kâ€™:
[2.915s] [01m[K/home/shi/ENSTA/ROB314/test_ws/src/pc_sub/src/pc_sub.cpp:21:21:[m[K [01;31m[Kerror: [m[Kâ€˜[01m[KPointXYZ[m[Kâ€™ was not declared in this scope; did you mean â€˜[01m[Kpcl::PointXYZ[m[Kâ€™?
[2.915s]    21 |     pcl::PointCloud<[01;31m[KPointXYZ[m[K>::Ptr cloud(new pcl::PointCloud<PointXYZ>);
[2.915s]       |                     [01;31m[K^~~~~~~~[m[K
[2.915s]       |                     [32m[Kpcl::PointXYZ[m[K
[2.915s] In file included from [01m[K/usr/include/pcl-1.12/pcl/point_types.h:354[m[K,
[2.915s]                  from [01m[K/usr/include/pcl-1.12/pcl/common/impl/copy_point.hpp:40[m[K,
[2.915s]                  from [01m[K/usr/include/pcl-1.12/pcl/common/copy_point.h:58[m[K,
[2.915s]                  from [01m[K/usr/include/pcl-1.12/pcl/common/impl/io.hpp:45[m[K,
[2.915s]                  from [01m[K/usr/include/pcl-1.12/pcl/common/io.h:538[m[K,
[2.915s]                  from [01m[K/usr/include/pcl-1.12/pcl/io/impl/pcd_io.hpp:48[m[K,
[2.915s]                  from [01m[K/usr/include/pcl-1.12/pcl/io/pcd_io.h:789[m[K,
[2.915s]                  from [01m[K/opt/ros/humble/include/pcl_conversions/pcl_conversions.h:72[m[K,
[2.916s]                  from [01m[K/home/shi/ENSTA/ROB314/test_ws/src/pc_sub/src/pc_sub.cpp:5[m[K:
[2.916s] [01m[K/usr/include/pcl-1.12/pcl/impl/point_types.hpp:346:24:[m[K [01;36m[Knote: [m[Kâ€˜[01m[Kpcl::PointXYZ[m[Kâ€™ declared here
[2.916s]   346 |   struct EIGEN_ALIGN16 [01;36m[KPointXYZ[m[K : public _PointXYZ
[2.916s]       |                        [01;36m[K^~~~~~~~[m[K
[2.916s] [01m[K/home/shi/ENSTA/ROB314/test_ws/src/pc_sub/src/pc_sub.cpp:21:29:[m[K [01;31m[Kerror: [m[Ktemplate argument 1 is invalid
[2.916s]    21 |     pcl::PointCloud<PointXYZ[01;31m[K>[m[K::Ptr cloud(new pcl::PointCloud<PointXYZ>);
[2.916s]       |                             [01;31m[K^[m[K
[2.916s] [01m[K/home/shi/ENSTA/ROB314/test_ws/src/pc_sub/src/pc_sub.cpp:21:36:[m[K [01;31m[Kerror: [m[Kexpected initializer before â€˜[01m[Kcloud[m[Kâ€™
[2.916s]    21 |     pcl::PointCloud<PointXYZ>::Ptr [01;31m[Kcloud[m[K(new pcl::PointCloud<PointXYZ>);
[2.916s]       |                                    [01;31m[K^~~~~[m[K
[2.918s] [01m[K/home/shi/ENSTA/ROB314/test_ws/src/pc_sub/src/pc_sub.cpp:22:29:[m[K [01;31m[Kerror: [m[Kâ€˜[01m[Kcloud[m[Kâ€™ was not declared in this scope
[2.918s]    22 |     pcl::fromROSMsg(input, *[01;31m[Kcloud[m[K);
[2.918s]       |                             [01;31m[K^~~~~[m[K
[4.599s] gmake[2]: *** [CMakeFiles/pc_sub.dir/build.make:76: CMakeFiles/pc_sub.dir/src/pc_sub.cpp.o] Error 1
[4.599s] gmake[1]: *** [CMakeFiles/Makefile2:137: CMakeFiles/pc_sub.dir/all] Error 2
[4.599s] gmake: *** [Makefile:146: all] Error 2
[4.601s] Invoked command in '/home/shi/ENSTA/ROB314/test_ws/build/pc_sub' returned '2': CMAKE_PREFIX_PATH=${CMAKE_PREFIX_PATH}:/opt/ros/humble CONDA_PROMPT_MODIFIER=(stereo_thermal) /usr/bin/cmake --build /home/shi/ENSTA/ROB314/test_ws/build/pc_sub -- -j20 -l20
